<?xml version="1.0" encoding="UTF-8"?>
<testng-results skipped="0" failed="0" ignored="0" total="2" passed="2">
  <reporter-output>
  </reporter-output>
  <suite name="Default suite" duration-ms="50366" started-at="2020-02-10T11:43:25 EST" finished-at="2020-02-10T11:44:15 EST">
    <groups>
    </groups>
    <test name="Default test" duration-ms="50366" started-at="2020-02-10T11:43:25 EST" finished-at="2020-02-10T11:44:15 EST">
      <class name="sennsion5.NewDepositTese">
        <test-method status="PASS" signature="open()[pri:0, instance:sennsion5.NewDepositTese@578486a3]" name="open" is-config="true" duration-ms="8567" started-at="2020-02-10T11:43:25 EST" finished-at="2020-02-10T11:43:34 EST">
          <reporter-output>
          </reporter-output>
        </test-method> <!-- open -->
        <test-method status="PASS" signature="userShouldBeAbleAddDeposit1()[pri:0, instance:sennsion5.NewDepositTese@578486a3]" name="userShouldBeAbleAddDeposit1" duration-ms="26857" started-at="2020-02-10T11:43:34 EST" finished-at="2020-02-10T11:44:01 EST">
          <reporter-output>
          </reporter-output>
        </test-method> <!-- userShouldBeAbleAddDeposit1 -->
        <test-method status="PASS" signature="close()[pri:0, instance:sennsion5.NewDepositTese@578486a3]" name="close" is-config="true" duration-ms="1386" started-at="2020-02-10T11:44:01 EST" finished-at="2020-02-10T11:44:02 EST">
          <reporter-output>
          </reporter-output>
        </test-method> <!-- close -->
        <test-method status="PASS" signature="open()[pri:0, instance:sennsion5.NewDepositTese@578486a3]" name="open" is-config="true" duration-ms="5458" started-at="2020-02-10T11:44:02 EST" finished-at="2020-02-10T11:44:07 EST">
          <reporter-output>
          </reporter-output>
        </test-method> <!-- open -->
        <test-method status="PASS" signature="userShouldBeAbleAddDeposit2()[pri:0, instance:sennsion5.NewDepositTese@578486a3]" name="userShouldBeAbleAddDeposit2" duration-ms="6804" started-at="2020-02-10T11:44:07 EST" finished-at="2020-02-10T11:44:14 EST">
          <reporter-output>
          </reporter-output>
        </test-method> <!-- userShouldBeAbleAddDeposit2 -->
        <test-method status="PASS" signature="close()[pri:0, instance:sennsion5.NewDepositTese@578486a3]" name="close" is-config="true" duration-ms="1101" started-at="2020-02-10T11:44:14 EST" finished-at="2020-02-10T11:44:15 EST">
          <reporter-output>
          </reporter-output>
        </test-method> <!-- close -->
      </class> <!-- sennsion5.NewDepositTese -->
    </test> <!-- Default test -->
  </suite> <!-- Default suite -->
</testng-results>
